2026-03-14 14:38:23,936 [INFO] ============================================================
2026-03-14 14:38:23,936 [INFO] XGBoost — 60-Day Rolling Window Quantile Regression
2026-03-14 14:38:23,936 [INFO] ============================================================
2026-03-14 14:38:23,989 [INFO] Data shape: (19104, 17)
2026-03-14 14:38:23,992 [INFO] Test dates: 73 days
2026-03-14 14:38:23,992 [INFO] Rolling window: 60 days
2026-03-14 14:38:23,992 [INFO] Models to train: 219 (73 days × 3 quantiles)
2026-03-14 14:38:24,884 [INFO]   [  1.4%] Day 1/73 (2025-12-31) | 0.9s/day | ETA: 64s
2026-03-14 14:38:27,976 [INFO]   [  6.8%] Day 5/73 (2026-01-04) | 0.8s/day | ETA: 54s
2026-03-14 14:38:31,990 [INFO]   [ 13.7%] Day 10/73 (2026-01-09) | 0.8s/day | ETA: 50s
2026-03-14 14:38:35,837 [INFO]   [ 20.5%] Day 15/73 (2026-01-14) | 0.8s/day | ETA: 46s
2026-03-14 14:38:40,088 [INFO]   [ 27.4%] Day 20/73 (2026-01-19) | 0.8s/day | ETA: 43s
2026-03-14 14:38:43,990 [INFO]   [ 34.2%] Day 25/73 (2026-01-24) | 0.8s/day | ETA: 38s
2026-03-14 14:38:47,868 [INFO]   [ 41.1%] Day 30/73 (2026-01-29) | 0.8s/day | ETA: 34s
2026-03-14 14:38:51,689 [INFO]   [ 47.9%] Day 35/73 (2026-02-03) | 0.8s/day | ETA: 30s
2026-03-14 14:38:55,522 [INFO]   [ 54.8%] Day 40/73 (2026-02-08) | 0.8s/day | ETA: 26s
2026-03-14 14:38:59,282 [INFO]   [ 61.6%] Day 45/73 (2026-02-13) | 0.7s/day | ETA: 22s
2026-03-14 14:39:03,192 [INFO]   [ 68.5%] Day 50/73 (2026-02-18) | 0.8s/day | ETA: 18s
2026-03-14 14:39:07,332 [INFO]   [ 75.3%] Day 55/73 (2026-02-23) | 0.8s/day | ETA: 14s
2026-03-14 14:39:11,110 [INFO]   [ 82.2%] Day 60/73 (2026-02-28) | 0.7s/day | ETA: 10s
2026-03-14 14:39:14,913 [INFO]   [ 89.0%] Day 65/73 (2026-03-05) | 0.8s/day | ETA: 6s
2026-03-14 14:39:18,836 [INFO]   [ 95.9%] Day 70/73 (2026-03-10) | 0.8s/day | ETA: 2s
2026-03-14 14:39:21,156 [INFO]   [100.0%] Day 73/73 (2026-03-13) | 0.8s/day | ETA: 0s
2026-03-14 14:39:21,161 [INFO] XGBoost — sMAPE: 17.52% | MAE: 11.77 €/MWh
2026-03-14 14:39:21,161 [INFO]   Pinball: q10=3.22, q50=5.88, q90=4.08
2026-03-14 14:39:21,168 [INFO] Predictions saved → /Users/syedasad/GIthub/Forecasting_European_Power_Fair_Value/data/processed/xgb_predictions.csv
2026-03-14 14:39:21,168 [INFO] Done.
